2025-07-09 21:16:25,050 DEBUG    root            Loaded Command Group: ['gcloud', 'components']
2025-07-09 21:16:25,054 DEBUG    root            Loaded Command Group: ['gcloud', 'components', 'update']
2025-07-09 21:16:25,056 DEBUG    root            Running [gcloud.components.update] with arguments: [--compile-python: "True", --quiet: "True", COMPONENT-IDS:6: "['core', 'gcloud-deps', 'bq', 'gcloud', 'gcloud-crc32c', 'gsutil']"]
2025-07-09 21:16:25,057 INFO     ___FILE_ONLY___ Beginning update. This process may take several minutes.

2025-07-09 21:16:25,095 DEBUG    urllib3.connectionpool Starting new HTTPS connection (1): dl.google.com:443
2025-07-09 21:16:26,012 DEBUG    urllib3.connectionpool https://dl.google.com:443 "GET /dl/cloudsdk/channels/rapid/components-2.json HTTP/11" 200 239798
2025-07-09 21:16:26,024 INFO     ___FILE_ONLY___ 

2025-07-09 21:16:26,024 INFO     ___FILE_ONLY___ 
Your current Google Cloud CLI version is: 529.0.0

2025-07-09 21:16:26,025 INFO     ___FILE_ONLY___ Installing components from version: 529.0.0

2025-07-09 21:16:26,025 INFO     ___FILE_ONLY___ 

2025-07-09 21:16:26,025 DEBUG    root            Chosen display Format:table[box,title="These components will be removed."](details.display_name:label=Name:align=left,version.version_string:label=Version:align=right,data.size.size(zero="",min=1048576):label=Size:align=right)
2025-07-09 21:16:26,025 DEBUG    root            Chosen display Format:table[box,title="These components will be updated."](details.display_name:label=Name:align=left,version.version_string:label=Version:align=right,data.size.size(zero="",min=1048576):label=Size:align=right)
2025-07-09 21:16:26,026 DEBUG    root            Chosen display Format:table[box,title="These components will be installed."](details.display_name:label=Name:align=left,version.version_string:label=Version:align=right,data.size.size(zero="",min=1048576):label=Size:align=right)
2025-07-09 21:16:26,065 INFO     ___FILE_ONLY___ ┌─────────────────────────────────────────────────────────────────────────────┐
2025-07-09 21:16:26,065 INFO     ___FILE_ONLY___ 

2025-07-09 21:16:26,065 INFO     ___FILE_ONLY___ │                     These components will be installed.                     │
2025-07-09 21:16:26,065 INFO     ___FILE_ONLY___ 

2025-07-09 21:16:26,065 INFO     ___FILE_ONLY___ ├─────────────────────────────────────────────────────┬────────────┬──────────┤
2025-07-09 21:16:26,065 INFO     ___FILE_ONLY___ 

2025-07-09 21:16:26,065 INFO     ___FILE_ONLY___ │                         Name                        │  Version   │   Size   │
2025-07-09 21:16:26,065 INFO     ___FILE_ONLY___ 

2025-07-09 21:16:26,065 INFO     ___FILE_ONLY___ ├─────────────────────────────────────────────────────┼────────────┼──────────┤
2025-07-09 21:16:26,065 INFO     ___FILE_ONLY___ 

2025-07-09 21:16:26,066 INFO     ___FILE_ONLY___ │ 
2025-07-09 21:16:26,066 INFO     ___FILE_ONLY___ BigQuery Command Line Tool                         
2025-07-09 21:16:26,066 INFO     ___FILE_ONLY___  
2025-07-09 21:16:26,066 INFO     ___FILE_ONLY___ │ 
2025-07-09 21:16:26,066 INFO     ___FILE_ONLY___     2.1.19
2025-07-09 21:16:26,066 INFO     ___FILE_ONLY___  
2025-07-09 21:16:26,066 INFO     ___FILE_ONLY___ │ 
2025-07-09 21:16:26,066 INFO     ___FILE_ONLY___  1.8 MiB
2025-07-09 21:16:26,066 INFO     ___FILE_ONLY___  
2025-07-09 21:16:26,066 INFO     ___FILE_ONLY___ │
2025-07-09 21:16:26,066 INFO     ___FILE_ONLY___ 

2025-07-09 21:16:26,066 INFO     ___FILE_ONLY___ │ 
2025-07-09 21:16:26,066 INFO     ___FILE_ONLY___ BigQuery Command Line Tool (Platform Specific)     
2025-07-09 21:16:26,066 INFO     ___FILE_ONLY___  
2025-07-09 21:16:26,066 INFO     ___FILE_ONLY___ │ 
2025-07-09 21:16:26,066 INFO     ___FILE_ONLY___     2.1.17
2025-07-09 21:16:26,066 INFO     ___FILE_ONLY___  
2025-07-09 21:16:26,066 INFO     ___FILE_ONLY___ │ 
2025-07-09 21:16:26,066 INFO     ___FILE_ONLY___  < 1 MiB
2025-07-09 21:16:26,067 INFO     ___FILE_ONLY___  
2025-07-09 21:16:26,067 INFO     ___FILE_ONLY___ │
2025-07-09 21:16:26,067 INFO     ___FILE_ONLY___ 

2025-07-09 21:16:26,067 INFO     ___FILE_ONLY___ │ 
2025-07-09 21:16:26,067 INFO     ___FILE_ONLY___ Bundled Python 3.12 (Platform Specific)            
2025-07-09 21:16:26,067 INFO     ___FILE_ONLY___  
2025-07-09 21:16:26,067 INFO     ___FILE_ONLY___ │ 
2025-07-09 21:16:26,067 INFO     ___FILE_ONLY___     3.12.9
2025-07-09 21:16:26,067 INFO     ___FILE_ONLY___  
2025-07-09 21:16:26,067 INFO     ___FILE_ONLY___ │ 
2025-07-09 21:16:26,067 INFO     ___FILE_ONLY___ 89.3 MiB
2025-07-09 21:16:26,068 INFO     ___FILE_ONLY___  
2025-07-09 21:16:26,068 INFO     ___FILE_ONLY___ │
2025-07-09 21:16:26,068 INFO     ___FILE_ONLY___ 

2025-07-09 21:16:26,068 INFO     ___FILE_ONLY___ │ 
2025-07-09 21:16:26,068 INFO     ___FILE_ONLY___ Cloud Storage Command Line Tool                    
2025-07-09 21:16:26,068 INFO     ___FILE_ONLY___  
2025-07-09 21:16:26,068 INFO     ___FILE_ONLY___ │ 
2025-07-09 21:16:26,069 INFO     ___FILE_ONLY___       5.35
2025-07-09 21:16:26,069 INFO     ___FILE_ONLY___  
2025-07-09 21:16:26,069 INFO     ___FILE_ONLY___ │ 
2025-07-09 21:16:26,069 INFO     ___FILE_ONLY___ 12.4 MiB
2025-07-09 21:16:26,069 INFO     ___FILE_ONLY___  
2025-07-09 21:16:26,069 INFO     ___FILE_ONLY___ │
2025-07-09 21:16:26,069 INFO     ___FILE_ONLY___ 

2025-07-09 21:16:26,069 INFO     ___FILE_ONLY___ │ 
2025-07-09 21:16:26,069 INFO     ___FILE_ONLY___ Cloud Storage Command Line Tool (Platform Specific)
2025-07-09 21:16:26,069 INFO     ___FILE_ONLY___  
2025-07-09 21:16:26,069 INFO     ___FILE_ONLY___ │ 
2025-07-09 21:16:26,069 INFO     ___FILE_ONLY___       5.34
2025-07-09 21:16:26,069 INFO     ___FILE_ONLY___  
2025-07-09 21:16:26,069 INFO     ___FILE_ONLY___ │ 
2025-07-09 21:16:26,070 INFO     ___FILE_ONLY___  < 1 MiB
2025-07-09 21:16:26,070 INFO     ___FILE_ONLY___  
2025-07-09 21:16:26,070 INFO     ___FILE_ONLY___ │
2025-07-09 21:16:26,070 INFO     ___FILE_ONLY___ 

2025-07-09 21:16:26,070 INFO     ___FILE_ONLY___ │ 
2025-07-09 21:16:26,070 INFO     ___FILE_ONLY___ Google Cloud CLI Core Libraries (Platform Specific)
2025-07-09 21:16:26,070 INFO     ___FILE_ONLY___  
2025-07-09 21:16:26,070 INFO     ___FILE_ONLY___ │ 
2025-07-09 21:16:26,070 INFO     ___FILE_ONLY___ 2025.05.23
2025-07-09 21:16:26,070 INFO     ___FILE_ONLY___  
2025-07-09 21:16:26,070 INFO     ___FILE_ONLY___ │ 
2025-07-09 21:16:26,070 INFO     ___FILE_ONLY___  < 1 MiB
2025-07-09 21:16:26,070 INFO     ___FILE_ONLY___  
2025-07-09 21:16:26,070 INFO     ___FILE_ONLY___ │
2025-07-09 21:16:26,070 INFO     ___FILE_ONLY___ 

2025-07-09 21:16:26,071 INFO     ___FILE_ONLY___ │ 
2025-07-09 21:16:26,071 INFO     ___FILE_ONLY___ Google Cloud CRC32C Hash Tool (Platform Specific)  
2025-07-09 21:16:26,071 INFO     ___FILE_ONLY___  
2025-07-09 21:16:26,071 INFO     ___FILE_ONLY___ │ 
2025-07-09 21:16:26,071 INFO     ___FILE_ONLY___      1.0.0
2025-07-09 21:16:26,071 INFO     ___FILE_ONLY___  
2025-07-09 21:16:26,071 INFO     ___FILE_ONLY___ │ 
2025-07-09 21:16:26,071 INFO     ___FILE_ONLY___  1.5 MiB
2025-07-09 21:16:26,071 INFO     ___FILE_ONLY___  
2025-07-09 21:16:26,071 INFO     ___FILE_ONLY___ │
2025-07-09 21:16:26,071 INFO     ___FILE_ONLY___ 

2025-07-09 21:16:26,071 INFO     ___FILE_ONLY___ │ 
2025-07-09 21:16:26,072 INFO     ___FILE_ONLY___ gcloud cli dependencies (Platform Specific)        
2025-07-09 21:16:26,072 INFO     ___FILE_ONLY___  
2025-07-09 21:16:26,072 INFO     ___FILE_ONLY___ │ 
2025-07-09 21:16:26,072 INFO     ___FILE_ONLY___ 2021.04.16
2025-07-09 21:16:26,072 INFO     ___FILE_ONLY___  
2025-07-09 21:16:26,072 INFO     ___FILE_ONLY___ │ 
2025-07-09 21:16:26,072 INFO     ___FILE_ONLY___  < 1 MiB
2025-07-09 21:16:26,072 INFO     ___FILE_ONLY___  
2025-07-09 21:16:26,072 INFO     ___FILE_ONLY___ │
2025-07-09 21:16:26,072 INFO     ___FILE_ONLY___ 

2025-07-09 21:16:26,072 INFO     ___FILE_ONLY___ └─────────────────────────────────────────────────────┴────────────┴──────────┘
2025-07-09 21:16:26,072 INFO     ___FILE_ONLY___ 

2025-07-09 21:16:26,073 INFO     ___FILE_ONLY___ 

2025-07-09 21:16:26,077 DEBUG    urllib3.connectionpool Starting new HTTPS connection (1): dl.google.com:443
2025-07-09 21:16:26,970 DEBUG    urllib3.connectionpool https://dl.google.com:443 "GET /dl/cloudsdk/channels/rapid/RELEASE_NOTES HTTP/11" 200 1444035
2025-07-09 21:16:27,447 INFO     ___FILE_ONLY___ For the latest full release notes, please visit:
  https://cloud.google.com/sdk/release_notes


2025-07-09 21:16:27,448 INFO     ___FILE_ONLY___ Performing in place update...


2025-07-09 21:16:27,450 INFO     ___FILE_ONLY___ ╔════════════════════════════════════════════════════════════╗

2025-07-09 21:16:27,450 INFO     ___FILE_ONLY___ ╠═ Downloading: BigQuery Command Line Tool                  ═╣

2025-07-09 21:16:27,450 INFO     ___FILE_ONLY___ ╚
2025-07-09 21:16:27,454 DEBUG    urllib3.connectionpool Starting new HTTPS connection (1): dl.google.com:443
2025-07-09 21:16:28,342 DEBUG    urllib3.connectionpool https://dl.google.com:443 "GET /dl/cloudsdk/channels/rapid/components/google-cloud-sdk-bq-20250627154417.tar.gz HTTP/11" 200 1850167
2025-07-09 21:16:28,355 INFO     ___FILE_ONLY___ ═
2025-07-09 21:16:28,355 INFO     ___FILE_ONLY___ ═
2025-07-09 21:16:28,355 INFO     ___FILE_ONLY___ ═
2025-07-09 21:16:28,356 INFO     ___FILE_ONLY___ ═
2025-07-09 21:16:28,356 INFO     ___FILE_ONLY___ ═
2025-07-09 21:16:28,356 INFO     ___FILE_ONLY___ ═
2025-07-09 21:16:28,356 INFO     ___FILE_ONLY___ ═
2025-07-09 21:16:28,356 INFO     ___FILE_ONLY___ ═
2025-07-09 21:16:28,356 INFO     ___FILE_ONLY___ ═
2025-07-09 21:16:28,356 INFO     ___FILE_ONLY___ ═
2025-07-09 21:16:28,356 INFO     ___FILE_ONLY___ ═
2025-07-09 21:16:28,356 INFO     ___FILE_ONLY___ ═
2025-07-09 21:16:28,356 INFO     ___FILE_ONLY___ ═
2025-07-09 21:16:28,357 INFO     ___FILE_ONLY___ ═
2025-07-09 21:16:28,357 INFO     ___FILE_ONLY___ ═
2025-07-09 21:16:28,357 INFO     ___FILE_ONLY___ ═
2025-07-09 21:16:28,357 INFO     ___FILE_ONLY___ ═
2025-07-09 21:16:28,357 INFO     ___FILE_ONLY___ ═
2025-07-09 21:16:28,357 INFO     ___FILE_ONLY___ ═
2025-07-09 21:16:28,357 INFO     ___FILE_ONLY___ ═
2025-07-09 21:16:28,357 INFO     ___FILE_ONLY___ ═
2025-07-09 21:16:28,357 INFO     ___FILE_ONLY___ ═
2025-07-09 21:16:28,357 INFO     ___FILE_ONLY___ ═
2025-07-09 21:16:28,357 INFO     ___FILE_ONLY___ ═
2025-07-09 21:16:28,358 INFO     ___FILE_ONLY___ ═
2025-07-09 21:16:28,358 INFO     ___FILE_ONLY___ ═
2025-07-09 21:16:28,358 INFO     ___FILE_ONLY___ ═
2025-07-09 21:16:28,358 INFO     ___FILE_ONLY___ ═
2025-07-09 21:16:28,358 INFO     ___FILE_ONLY___ ═
2025-07-09 21:16:28,358 INFO     ___FILE_ONLY___ ═
2025-07-09 21:16:28,358 INFO     ___FILE_ONLY___ ═
2025-07-09 21:16:28,358 INFO     ___FILE_ONLY___ ═
2025-07-09 21:16:28,358 INFO     ___FILE_ONLY___ ═
2025-07-09 21:16:28,358 INFO     ___FILE_ONLY___ ═
2025-07-09 21:16:28,358 INFO     ___FILE_ONLY___ ═
2025-07-09 21:16:28,359 INFO     ___FILE_ONLY___ ═
2025-07-09 21:16:28,359 INFO     ___FILE_ONLY___ ═
2025-07-09 21:16:28,359 INFO     ___FILE_ONLY___ ═
2025-07-09 21:16:28,359 INFO     ___FILE_ONLY___ ═
2025-07-09 21:16:28,359 INFO     ___FILE_ONLY___ ═
2025-07-09 21:16:28,359 INFO     ___FILE_ONLY___ ═
2025-07-09 21:16:28,359 INFO     ___FILE_ONLY___ ═
2025-07-09 21:16:28,359 INFO     ___FILE_ONLY___ ═
2025-07-09 21:16:28,359 INFO     ___FILE_ONLY___ ═
2025-07-09 21:16:28,360 INFO     ___FILE_ONLY___ ═
2025-07-09 21:16:28,360 INFO     ___FILE_ONLY___ ═
2025-07-09 21:16:28,360 INFO     ___FILE_ONLY___ ═
2025-07-09 21:16:28,360 INFO     ___FILE_ONLY___ ═
2025-07-09 21:16:28,360 INFO     ___FILE_ONLY___ ═
2025-07-09 21:16:28,360 INFO     ___FILE_ONLY___ ═
2025-07-09 21:16:28,360 INFO     ___FILE_ONLY___ ═
2025-07-09 21:16:28,360 INFO     ___FILE_ONLY___ ═
2025-07-09 21:16:28,361 INFO     ___FILE_ONLY___ ═
2025-07-09 21:16:28,361 INFO     ___FILE_ONLY___ ═
2025-07-09 21:16:28,361 INFO     ___FILE_ONLY___ ═
2025-07-09 21:16:28,361 INFO     ___FILE_ONLY___ ═
2025-07-09 21:16:28,361 INFO     ___FILE_ONLY___ ═
2025-07-09 21:16:28,361 INFO     ___FILE_ONLY___ ═
2025-07-09 21:16:28,362 INFO     ___FILE_ONLY___ ═
2025-07-09 21:16:28,362 INFO     ___FILE_ONLY___ ═
2025-07-09 21:16:28,362 INFO     ___FILE_ONLY___ ╝

2025-07-09 21:16:28,364 INFO     ___FILE_ONLY___ ╔════════════════════════════════════════════════════════════╗

2025-07-09 21:16:28,365 INFO     ___FILE_ONLY___ ╠═ Downloading: BigQuery Command Line Tool (Platform Spe... ═╣

2025-07-09 21:16:28,365 INFO     ___FILE_ONLY___ ╚
2025-07-09 21:16:28,369 DEBUG    urllib3.connectionpool Starting new HTTPS connection (1): dl.google.com:443
2025-07-09 21:16:29,272 DEBUG    urllib3.connectionpool https://dl.google.com:443 "GET /dl/cloudsdk/channels/rapid/components/google-cloud-sdk-bq-nix-20250523104322.tar.gz HTTP/11" 200 1935
2025-07-09 21:16:29,272 INFO     ___FILE_ONLY___ ════════════════════════════════════════════════════════════
2025-07-09 21:16:29,273 INFO     ___FILE_ONLY___ ╝

2025-07-09 21:16:29,275 INFO     ___FILE_ONLY___ ╔════════════════════════════════════════════════════════════╗

2025-07-09 21:16:29,275 INFO     ___FILE_ONLY___ ╠═ Downloading: Bundled Python 3.12                         ═╣

2025-07-09 21:16:29,275 INFO     ___FILE_ONLY___ ╚
2025-07-09 21:16:29,275 INFO     ___FILE_ONLY___ ════════════════════════════════════════════════════════════
2025-07-09 21:16:29,275 INFO     ___FILE_ONLY___ ╝

2025-07-09 21:16:29,277 INFO     ___FILE_ONLY___ ╔════════════════════════════════════════════════════════════╗

2025-07-09 21:16:29,277 INFO     ___FILE_ONLY___ ╠═ Downloading: Bundled Python 3.12 (Platform Specific)     ═╣

2025-07-09 21:16:29,277 INFO     ___FILE_ONLY___ ╚
2025-07-09 21:16:29,280 DEBUG    urllib3.connectionpool Starting new HTTPS connection (1): dl.google.com:443
2025-07-09 21:16:30,198 DEBUG    urllib3.connectionpool https://dl.google.com:443 "GET /dl/cloudsdk/channels/rapid/components/google-cloud-sdk-bundled-python3-unix-linux-x86_64-20250502143716.tar.gz HTTP/11" 200 93610468
2025-07-09 21:16:30,547 INFO     ___FILE_ONLY___ ═
2025-07-09 21:16:30,549 INFO     ___FILE_ONLY___ ═
2025-07-09 21:16:30,552 INFO     ___FILE_ONLY___ ═
2025-07-09 21:16:30,555 INFO     ___FILE_ONLY___ ═
2025-07-09 21:16:30,557 INFO     ___FILE_ONLY___ ═
2025-07-09 21:16:30,559 INFO     ___FILE_ONLY___ ═
2025-07-09 21:16:30,561 INFO     ___FILE_ONLY___ ═
2025-07-09 21:16:30,564 INFO     ___FILE_ONLY___ ═
2025-07-09 21:16:30,566 INFO     ___FILE_ONLY___ ═
2025-07-09 21:16:30,568 INFO     ___FILE_ONLY___ ═
2025-07-09 21:16:30,570 INFO     ___FILE_ONLY___ ═
2025-07-09 21:16:30,572 INFO     ___FILE_ONLY___ ═
2025-07-09 21:16:30,575 INFO     ___FILE_ONLY___ ═
2025-07-09 21:16:30,577 INFO     ___FILE_ONLY___ ═
2025-07-09 21:16:30,579 INFO     ___FILE_ONLY___ ═
2025-07-09 21:16:30,581 INFO     ___FILE_ONLY___ ═
2025-07-09 21:16:30,584 INFO     ___FILE_ONLY___ ═
2025-07-09 21:16:30,586 INFO     ___FILE_ONLY___ ═
2025-07-09 21:16:30,588 INFO     ___FILE_ONLY___ ═
2025-07-09 21:16:30,590 INFO     ___FILE_ONLY___ ═
2025-07-09 21:16:30,592 INFO     ___FILE_ONLY___ ═
2025-07-09 21:16:30,594 INFO     ___FILE_ONLY___ ═
2025-07-09 21:16:30,596 INFO     ___FILE_ONLY___ ═
2025-07-09 21:16:30,599 INFO     ___FILE_ONLY___ ═
2025-07-09 21:16:30,601 INFO     ___FILE_ONLY___ ═
2025-07-09 21:16:30,603 INFO     ___FILE_ONLY___ ═
2025-07-09 21:16:30,605 INFO     ___FILE_ONLY___ ═
2025-07-09 21:16:30,607 INFO     ___FILE_ONLY___ ═
2025-07-09 21:16:30,609 INFO     ___FILE_ONLY___ ═
2025-07-09 21:16:30,611 INFO     ___FILE_ONLY___ ═
2025-07-09 21:16:30,614 INFO     ___FILE_ONLY___ ═
2025-07-09 21:16:30,616 INFO     ___FILE_ONLY___ ═
2025-07-09 21:16:30,618 INFO     ___FILE_ONLY___ ═
2025-07-09 21:16:30,620 INFO     ___FILE_ONLY___ ═
2025-07-09 21:16:30,622 INFO     ___FILE_ONLY___ ═
2025-07-09 21:16:30,624 INFO     ___FILE_ONLY___ ═
2025-07-09 21:16:30,626 INFO     ___FILE_ONLY___ ═
2025-07-09 21:16:30,628 INFO     ___FILE_ONLY___ ═
2025-07-09 21:16:30,630 INFO     ___FILE_ONLY___ ═
2025-07-09 21:16:30,632 INFO     ___FILE_ONLY___ ═
2025-07-09 21:16:30,635 INFO     ___FILE_ONLY___ ═
2025-07-09 21:16:30,637 INFO     ___FILE_ONLY___ ═
2025-07-09 21:16:30,639 INFO     ___FILE_ONLY___ ═
2025-07-09 21:16:30,641 INFO     ___FILE_ONLY___ ═
2025-07-09 21:16:30,643 INFO     ___FILE_ONLY___ ═
2025-07-09 21:16:30,645 INFO     ___FILE_ONLY___ ═
2025-07-09 21:16:30,647 INFO     ___FILE_ONLY___ ═
2025-07-09 21:16:30,649 INFO     ___FILE_ONLY___ ═
2025-07-09 21:16:30,651 INFO     ___FILE_ONLY___ ═
2025-07-09 21:16:30,654 INFO     ___FILE_ONLY___ ═
2025-07-09 21:16:30,656 INFO     ___FILE_ONLY___ ═
2025-07-09 21:16:30,658 INFO     ___FILE_ONLY___ ═
2025-07-09 21:16:30,660 INFO     ___FILE_ONLY___ ═
2025-07-09 21:16:30,662 INFO     ___FILE_ONLY___ ═
2025-07-09 21:16:30,664 INFO     ___FILE_ONLY___ ═
2025-07-09 21:16:30,666 INFO     ___FILE_ONLY___ ═
2025-07-09 21:16:30,668 INFO     ___FILE_ONLY___ ═
2025-07-09 21:16:30,670 INFO     ___FILE_ONLY___ ═
2025-07-09 21:16:30,672 INFO     ___FILE_ONLY___ ═
2025-07-09 21:16:30,675 INFO     ___FILE_ONLY___ ═
2025-07-09 21:16:30,675 INFO     ___FILE_ONLY___ ╝

2025-07-09 21:16:30,677 INFO     ___FILE_ONLY___ ╔════════════════════════════════════════════════════════════╗

2025-07-09 21:16:30,677 INFO     ___FILE_ONLY___ ╠═ Downloading: Cloud Storage Command Line Tool             ═╣

2025-07-09 21:16:30,677 INFO     ___FILE_ONLY___ ╚
2025-07-09 21:16:30,681 DEBUG    urllib3.connectionpool Starting new HTTPS connection (1): dl.google.com:443
2025-07-09 21:16:31,603 DEBUG    urllib3.connectionpool https://dl.google.com:443 "GET /dl/cloudsdk/channels/rapid/components/google-cloud-sdk-gsutil-20250627154417.tar.gz HTTP/11" 200 12962791
2025-07-09 21:16:31,650 INFO     ___FILE_ONLY___ ═
2025-07-09 21:16:31,651 INFO     ___FILE_ONLY___ ═
2025-07-09 21:16:31,651 INFO     ___FILE_ONLY___ ═
2025-07-09 21:16:31,652 INFO     ___FILE_ONLY___ ═
2025-07-09 21:16:31,652 INFO     ___FILE_ONLY___ ═
2025-07-09 21:16:31,652 INFO     ___FILE_ONLY___ ═
2025-07-09 21:16:31,653 INFO     ___FILE_ONLY___ ═
2025-07-09 21:16:31,653 INFO     ___FILE_ONLY___ ═
2025-07-09 21:16:31,654 INFO     ___FILE_ONLY___ ═
2025-07-09 21:16:31,654 INFO     ___FILE_ONLY___ ═
2025-07-09 21:16:31,654 INFO     ___FILE_ONLY___ ═
2025-07-09 21:16:31,655 INFO     ___FILE_ONLY___ ═
2025-07-09 21:16:31,655 INFO     ___FILE_ONLY___ ═
2025-07-09 21:16:31,656 INFO     ___FILE_ONLY___ ═
2025-07-09 21:16:31,656 INFO     ___FILE_ONLY___ ═
2025-07-09 21:16:31,656 INFO     ___FILE_ONLY___ ═
2025-07-09 21:16:31,657 INFO     ___FILE_ONLY___ ═
2025-07-09 21:16:31,657 INFO     ___FILE_ONLY___ ═
2025-07-09 21:16:31,658 INFO     ___FILE_ONLY___ ═
2025-07-09 21:16:31,658 INFO     ___FILE_ONLY___ ═
2025-07-09 21:16:31,658 INFO     ___FILE_ONLY___ ═
2025-07-09 21:16:31,659 INFO     ___FILE_ONLY___ ═
2025-07-09 21:16:31,659 INFO     ___FILE_ONLY___ ═
2025-07-09 21:16:31,660 INFO     ___FILE_ONLY___ ═
2025-07-09 21:16:31,660 INFO     ___FILE_ONLY___ ═
2025-07-09 21:16:31,660 INFO     ___FILE_ONLY___ ═
2025-07-09 21:16:31,661 INFO     ___FILE_ONLY___ ═
2025-07-09 21:16:31,661 INFO     ___FILE_ONLY___ ═
2025-07-09 21:16:31,661 INFO     ___FILE_ONLY___ ═
2025-07-09 21:16:31,662 INFO     ___FILE_ONLY___ ═
2025-07-09 21:16:31,662 INFO     ___FILE_ONLY___ ═
2025-07-09 21:16:31,663 INFO     ___FILE_ONLY___ ═
2025-07-09 21:16:31,663 INFO     ___FILE_ONLY___ ═
2025-07-09 21:16:31,663 INFO     ___FILE_ONLY___ ═
2025-07-09 21:16:31,664 INFO     ___FILE_ONLY___ ═
2025-07-09 21:16:31,664 INFO     ___FILE_ONLY___ ═
2025-07-09 21:16:31,665 INFO     ___FILE_ONLY___ ═
2025-07-09 21:16:31,665 INFO     ___FILE_ONLY___ ═
2025-07-09 21:16:31,665 INFO     ___FILE_ONLY___ ═
2025-07-09 21:16:31,666 INFO     ___FILE_ONLY___ ═
2025-07-09 21:16:31,666 INFO     ___FILE_ONLY___ ═
2025-07-09 21:16:31,667 INFO     ___FILE_ONLY___ ═
2025-07-09 21:16:31,667 INFO     ___FILE_ONLY___ ═
2025-07-09 21:16:31,667 INFO     ___FILE_ONLY___ ═
2025-07-09 21:16:31,668 INFO     ___FILE_ONLY___ ═
2025-07-09 21:16:31,668 INFO     ___FILE_ONLY___ ═
2025-07-09 21:16:31,669 INFO     ___FILE_ONLY___ ═
2025-07-09 21:16:31,669 INFO     ___FILE_ONLY___ ═
2025-07-09 21:16:31,670 INFO     ___FILE_ONLY___ ═
2025-07-09 21:16:31,670 INFO     ___FILE_ONLY___ ═
2025-07-09 21:16:31,670 INFO     ___FILE_ONLY___ ═
2025-07-09 21:16:31,671 INFO     ___FILE_ONLY___ ═
2025-07-09 21:16:31,671 INFO     ___FILE_ONLY___ ═
2025-07-09 21:16:31,672 INFO     ___FILE_ONLY___ ═
2025-07-09 21:16:31,672 INFO     ___FILE_ONLY___ ═
2025-07-09 21:16:31,672 INFO     ___FILE_ONLY___ ═
2025-07-09 21:16:31,673 INFO     ___FILE_ONLY___ ═
2025-07-09 21:16:31,673 INFO     ___FILE_ONLY___ ═
2025-07-09 21:16:31,674 INFO     ___FILE_ONLY___ ═
2025-07-09 21:16:31,674 INFO     ___FILE_ONLY___ ═
2025-07-09 21:16:31,674 INFO     ___FILE_ONLY___ ╝

2025-07-09 21:16:31,676 INFO     ___FILE_ONLY___ ╔════════════════════════════════════════════════════════════╗

2025-07-09 21:16:31,677 INFO     ___FILE_ONLY___ ╠═ Downloading: Cloud Storage Command Line Tool (Platfor... ═╣

2025-07-09 21:16:31,677 INFO     ___FILE_ONLY___ ╚
2025-07-09 21:16:31,680 DEBUG    urllib3.connectionpool Starting new HTTPS connection (1): dl.google.com:443
2025-07-09 21:16:32,579 DEBUG    urllib3.connectionpool https://dl.google.com:443 "GET /dl/cloudsdk/channels/rapid/components/google-cloud-sdk-gsutil-nix-20250523104322.tar.gz HTTP/11" 200 1950
2025-07-09 21:16:32,579 INFO     ___FILE_ONLY___ ════════════════════════════════════════════════════════════
2025-07-09 21:16:32,579 INFO     ___FILE_ONLY___ ╝

2025-07-09 21:16:32,582 INFO     ___FILE_ONLY___ ╔════════════════════════════════════════════════════════════╗

2025-07-09 21:16:32,582 INFO     ___FILE_ONLY___ ╠═ Downloading: Default set of gcloud commands              ═╣

2025-07-09 21:16:32,582 INFO     ___FILE_ONLY___ ╚
2025-07-09 21:16:32,582 INFO     ___FILE_ONLY___ ════════════════════════════════════════════════════════════
2025-07-09 21:16:32,582 INFO     ___FILE_ONLY___ ╝

2025-07-09 21:16:32,584 INFO     ___FILE_ONLY___ ╔════════════════════════════════════════════════════════════╗

2025-07-09 21:16:32,585 INFO     ___FILE_ONLY___ ╠═ Downloading: Google Cloud CLI Core Libraries (Platfor... ═╣

2025-07-09 21:16:32,585 INFO     ___FILE_ONLY___ ╚
2025-07-09 21:16:32,588 DEBUG    urllib3.connectionpool Starting new HTTPS connection (1): dl.google.com:443
2025-07-09 21:16:33,474 DEBUG    urllib3.connectionpool https://dl.google.com:443 "GET /dl/cloudsdk/channels/rapid/components/google-cloud-sdk-core-nix-20250523104322.tar.gz HTTP/11" 200 2325
2025-07-09 21:16:33,475 INFO     ___FILE_ONLY___ ════════════════════════════════════════════════════════════
2025-07-09 21:16:33,475 INFO     ___FILE_ONLY___ ╝

2025-07-09 21:16:33,477 INFO     ___FILE_ONLY___ ╔════════════════════════════════════════════════════════════╗

2025-07-09 21:16:33,477 INFO     ___FILE_ONLY___ ╠═ Downloading: Google Cloud CRC32C Hash Tool               ═╣

2025-07-09 21:16:33,478 INFO     ___FILE_ONLY___ ╚
2025-07-09 21:16:33,478 INFO     ___FILE_ONLY___ ════════════════════════════════════════════════════════════
2025-07-09 21:16:33,478 INFO     ___FILE_ONLY___ ╝

2025-07-09 21:16:33,480 INFO     ___FILE_ONLY___ ╔════════════════════════════════════════════════════════════╗

2025-07-09 21:16:33,480 INFO     ___FILE_ONLY___ ╠═ Downloading: Google Cloud CRC32C Hash Tool (Platform ... ═╣

2025-07-09 21:16:33,480 INFO     ___FILE_ONLY___ ╚
2025-07-09 21:16:33,483 DEBUG    urllib3.connectionpool Starting new HTTPS connection (1): dl.google.com:443
2025-07-09 21:16:34,387 DEBUG    urllib3.connectionpool https://dl.google.com:443 "GET /dl/cloudsdk/channels/rapid/components/google-cloud-sdk-gcloud-crc32c-linux-x86_64-20250613150750.tar.gz HTTP/11" 200 1525557
2025-07-09 21:16:34,398 INFO     ___FILE_ONLY___ ═
2025-07-09 21:16:34,398 INFO     ___FILE_ONLY___ ═
2025-07-09 21:16:34,399 INFO     ___FILE_ONLY___ ═
2025-07-09 21:16:34,399 INFO     ___FILE_ONLY___ ═
2025-07-09 21:16:34,399 INFO     ___FILE_ONLY___ ═
2025-07-09 21:16:34,399 INFO     ___FILE_ONLY___ ═
2025-07-09 21:16:34,399 INFO     ___FILE_ONLY___ ═
2025-07-09 21:16:34,399 INFO     ___FILE_ONLY___ ═
2025-07-09 21:16:34,399 INFO     ___FILE_ONLY___ ═
2025-07-09 21:16:34,400 INFO     ___FILE_ONLY___ ═
2025-07-09 21:16:34,400 INFO     ___FILE_ONLY___ ═
2025-07-09 21:16:34,400 INFO     ___FILE_ONLY___ ═
2025-07-09 21:16:34,400 INFO     ___FILE_ONLY___ ═
2025-07-09 21:16:34,400 INFO     ___FILE_ONLY___ ═
2025-07-09 21:16:34,400 INFO     ___FILE_ONLY___ ═
2025-07-09 21:16:34,400 INFO     ___FILE_ONLY___ ═
2025-07-09 21:16:34,400 INFO     ___FILE_ONLY___ ═
2025-07-09 21:16:34,401 INFO     ___FILE_ONLY___ ═
2025-07-09 21:16:34,401 INFO     ___FILE_ONLY___ ═
2025-07-09 21:16:34,401 INFO     ___FILE_ONLY___ ═
2025-07-09 21:16:34,401 INFO     ___FILE_ONLY___ ═
2025-07-09 21:16:34,401 INFO     ___FILE_ONLY___ ═
2025-07-09 21:16:34,401 INFO     ___FILE_ONLY___ ═
2025-07-09 21:16:34,401 INFO     ___FILE_ONLY___ ═
2025-07-09 21:16:34,401 INFO     ___FILE_ONLY___ ═
2025-07-09 21:16:34,402 INFO     ___FILE_ONLY___ ═
2025-07-09 21:16:34,402 INFO     ___FILE_ONLY___ ═
2025-07-09 21:16:34,402 INFO     ___FILE_ONLY___ ═
2025-07-09 21:16:34,402 INFO     ___FILE_ONLY___ ═
2025-07-09 21:16:34,402 INFO     ___FILE_ONLY___ ═
2025-07-09 21:16:34,402 INFO     ___FILE_ONLY___ ═
2025-07-09 21:16:34,402 INFO     ___FILE_ONLY___ ═
2025-07-09 21:16:34,403 INFO     ___FILE_ONLY___ ═
2025-07-09 21:16:34,403 INFO     ___FILE_ONLY___ ═
2025-07-09 21:16:34,403 INFO     ___FILE_ONLY___ ═
2025-07-09 21:16:34,403 INFO     ___FILE_ONLY___ ═
2025-07-09 21:16:34,403 INFO     ___FILE_ONLY___ ═
2025-07-09 21:16:34,403 INFO     ___FILE_ONLY___ ═
2025-07-09 21:16:34,403 INFO     ___FILE_ONLY___ ═
2025-07-09 21:16:34,403 INFO     ___FILE_ONLY___ ═
2025-07-09 21:16:34,404 INFO     ___FILE_ONLY___ ═
2025-07-09 21:16:34,404 INFO     ___FILE_ONLY___ ═
2025-07-09 21:16:34,404 INFO     ___FILE_ONLY___ ═
2025-07-09 21:16:34,404 INFO     ___FILE_ONLY___ ═
2025-07-09 21:16:34,404 INFO     ___FILE_ONLY___ ═
2025-07-09 21:16:34,404 INFO     ___FILE_ONLY___ ═
2025-07-09 21:16:34,404 INFO     ___FILE_ONLY___ ═
2025-07-09 21:16:34,405 INFO     ___FILE_ONLY___ ═
2025-07-09 21:16:34,405 INFO     ___FILE_ONLY___ ═
2025-07-09 21:16:34,405 INFO     ___FILE_ONLY___ ═
2025-07-09 21:16:34,405 INFO     ___FILE_ONLY___ ═
2025-07-09 21:16:34,405 INFO     ___FILE_ONLY___ ═
2025-07-09 21:16:34,405 INFO     ___FILE_ONLY___ ═
2025-07-09 21:16:34,405 INFO     ___FILE_ONLY___ ═
2025-07-09 21:16:34,405 INFO     ___FILE_ONLY___ ═
2025-07-09 21:16:34,405 INFO     ___FILE_ONLY___ ═
2025-07-09 21:16:34,406 INFO     ___FILE_ONLY___ ═
2025-07-09 21:16:34,406 INFO     ___FILE_ONLY___ ═
2025-07-09 21:16:34,406 INFO     ___FILE_ONLY___ ═
2025-07-09 21:16:34,406 INFO     ___FILE_ONLY___ ═
2025-07-09 21:16:34,406 INFO     ___FILE_ONLY___ ╝

2025-07-09 21:16:34,408 INFO     ___FILE_ONLY___ ╔════════════════════════════════════════════════════════════╗

2025-07-09 21:16:34,408 INFO     ___FILE_ONLY___ ╠═ Downloading: gcloud cli dependencies (Platform Specific) ═╣

2025-07-09 21:16:34,408 INFO     ___FILE_ONLY___ ╚
2025-07-09 21:16:34,412 DEBUG    urllib3.connectionpool Starting new HTTPS connection (1): dl.google.com:443
2025-07-09 21:16:35,312 DEBUG    urllib3.connectionpool https://dl.google.com:443 "GET /dl/cloudsdk/channels/rapid/components/google-cloud-sdk-gcloud-deps-linux-x86_64-20210416153011.tar.gz HTTP/11" 200 104
2025-07-09 21:16:35,313 INFO     ___FILE_ONLY___ ════════════════════════════════════════════════════════════
2025-07-09 21:16:35,313 INFO     ___FILE_ONLY___ ╝

2025-07-09 21:16:35,316 INFO     ___FILE_ONLY___ ╔════════════════════════════════════════════════════════════╗

2025-07-09 21:16:35,316 INFO     ___FILE_ONLY___ ╠═ Installing: BigQuery Command Line Tool                   ═╣

2025-07-09 21:16:35,316 INFO     ___FILE_ONLY___ ╚
2025-07-09 21:16:35,412 INFO     ___FILE_ONLY___ ═
2025-07-09 21:16:35,415 INFO     ___FILE_ONLY___ ═
2025-07-09 21:16:35,418 INFO     ___FILE_ONLY___ ═
2025-07-09 21:16:35,420 INFO     ___FILE_ONLY___ ═
2025-07-09 21:16:35,423 INFO     ___FILE_ONLY___ ═
2025-07-09 21:16:35,425 INFO     ___FILE_ONLY___ ═
2025-07-09 21:16:35,428 INFO     ___FILE_ONLY___ ═
2025-07-09 21:16:35,430 INFO     ___FILE_ONLY___ ═
2025-07-09 21:16:35,432 INFO     ___FILE_ONLY___ ═
2025-07-09 21:16:35,434 INFO     ___FILE_ONLY___ ═
2025-07-09 21:16:35,437 INFO     ___FILE_ONLY___ ═
2025-07-09 21:16:35,439 INFO     ___FILE_ONLY___ ═
2025-07-09 21:16:35,441 INFO     ___FILE_ONLY___ ═
2025-07-09 21:16:35,444 INFO     ___FILE_ONLY___ ═
2025-07-09 21:16:35,446 INFO     ___FILE_ONLY___ ═
2025-07-09 21:16:35,448 INFO     ___FILE_ONLY___ ═
2025-07-09 21:16:35,450 INFO     ___FILE_ONLY___ ═
2025-07-09 21:16:35,452 INFO     ___FILE_ONLY___ ═
2025-07-09 21:16:35,454 INFO     ___FILE_ONLY___ ═
2025-07-09 21:16:35,458 INFO     ___FILE_ONLY___ ═
2025-07-09 21:16:35,461 INFO     ___FILE_ONLY___ ═
2025-07-09 21:16:35,463 INFO     ___FILE_ONLY___ ═
2025-07-09 21:16:35,465 INFO     ___FILE_ONLY___ ═
2025-07-09 21:16:35,467 INFO     ___FILE_ONLY___ ═
2025-07-09 21:16:35,469 INFO     ___FILE_ONLY___ ═
2025-07-09 21:16:35,471 INFO     ___FILE_ONLY___ ═
2025-07-09 21:16:35,474 INFO     ___FILE_ONLY___ ═
2025-07-09 21:16:35,476 INFO     ___FILE_ONLY___ ═
2025-07-09 21:16:35,478 INFO     ___FILE_ONLY___ ═
2025-07-09 21:16:35,482 INFO     ___FILE_ONLY___ ═
2025-07-09 21:16:35,484 INFO     ___FILE_ONLY___ ═
2025-07-09 21:16:35,486 INFO     ___FILE_ONLY___ ═
2025-07-09 21:16:35,488 INFO     ___FILE_ONLY___ ═
2025-07-09 21:16:35,492 INFO     ___FILE_ONLY___ ═
2025-07-09 21:16:35,494 INFO     ___FILE_ONLY___ ═
2025-07-09 21:16:35,501 INFO     ___FILE_ONLY___ ═
2025-07-09 21:16:35,506 INFO     ___FILE_ONLY___ ═
2025-07-09 21:16:35,511 INFO     ___FILE_ONLY___ ═
2025-07-09 21:16:35,513 INFO     ___FILE_ONLY___ ═
2025-07-09 21:16:35,516 INFO     ___FILE_ONLY___ ═
2025-07-09 21:16:35,518 INFO     ___FILE_ONLY___ ═
2025-07-09 21:16:35,521 INFO     ___FILE_ONLY___ ═
2025-07-09 21:16:35,524 INFO     ___FILE_ONLY___ ═
2025-07-09 21:16:35,528 INFO     ___FILE_ONLY___ ═
2025-07-09 21:16:35,530 INFO     ___FILE_ONLY___ ═
2025-07-09 21:16:35,533 INFO     ___FILE_ONLY___ ═
2025-07-09 21:16:35,535 INFO     ___FILE_ONLY___ ═
2025-07-09 21:16:35,537 INFO     ___FILE_ONLY___ ═
2025-07-09 21:16:35,539 INFO     ___FILE_ONLY___ ═
2025-07-09 21:16:35,542 INFO     ___FILE_ONLY___ ═
2025-07-09 21:16:35,545 INFO     ___FILE_ONLY___ ═
2025-07-09 21:16:35,548 INFO     ___FILE_ONLY___ ═
2025-07-09 21:16:35,550 INFO     ___FILE_ONLY___ ═
2025-07-09 21:16:35,553 INFO     ___FILE_ONLY___ ═
2025-07-09 21:16:35,555 INFO     ___FILE_ONLY___ ═
2025-07-09 21:16:35,557 INFO     ___FILE_ONLY___ ═
2025-07-09 21:16:35,559 INFO     ___FILE_ONLY___ ═
2025-07-09 21:16:35,561 INFO     ___FILE_ONLY___ ═
2025-07-09 21:16:35,563 INFO     ___FILE_ONLY___ ═
2025-07-09 21:16:35,565 INFO     ___FILE_ONLY___ ═
2025-07-09 21:16:35,565 INFO     ___FILE_ONLY___ ╝

2025-07-09 21:16:35,573 INFO     ___FILE_ONLY___ ╔════════════════════════════════════════════════════════════╗

2025-07-09 21:16:35,574 INFO     ___FILE_ONLY___ ╠═ Installing: BigQuery Command Line Tool (Platform Spec... ═╣

2025-07-09 21:16:35,574 INFO     ___FILE_ONLY___ ╚
2025-07-09 21:16:35,574 INFO     ___FILE_ONLY___ ════════════════════════════════════════════════════════════
2025-07-09 21:16:35,575 INFO     ___FILE_ONLY___ ╝

2025-07-09 21:16:35,581 INFO     ___FILE_ONLY___ ╔════════════════════════════════════════════════════════════╗

2025-07-09 21:16:35,581 INFO     ___FILE_ONLY___ ╠═ Installing: Bundled Python 3.12                          ═╣

2025-07-09 21:16:35,581 INFO     ___FILE_ONLY___ ╚
2025-07-09 21:16:35,584 INFO     ___FILE_ONLY___ ════════════════════════════════════════════════════════════
2025-07-09 21:16:35,584 INFO     ___FILE_ONLY___ ╝

2025-07-09 21:16:35,586 INFO     ___FILE_ONLY___ ╔════════════════════════════════════════════════════════════╗

2025-07-09 21:16:35,586 INFO     ___FILE_ONLY___ ╠═ Installing: Bundled Python 3.12 (Platform Specific)      ═╣

2025-07-09 21:16:35,586 INFO     ___FILE_ONLY___ ╚
2025-07-09 21:16:37,911 INFO     ___FILE_ONLY___ ═
2025-07-09 21:16:37,925 INFO     ___FILE_ONLY___ ═
2025-07-09 21:16:37,938 INFO     ___FILE_ONLY___ ═
2025-07-09 21:16:37,951 INFO     ___FILE_ONLY___ ═
2025-07-09 21:16:37,964 INFO     ___FILE_ONLY___ ═
2025-07-09 21:16:37,978 INFO     ___FILE_ONLY___ ═
2025-07-09 21:16:37,992 INFO     ___FILE_ONLY___ ═
2025-07-09 21:16:38,005 INFO     ___FILE_ONLY___ ═
2025-07-09 21:16:38,018 INFO     ___FILE_ONLY___ ═
2025-07-09 21:16:38,031 INFO     ___FILE_ONLY___ ═
2025-07-09 21:16:38,045 INFO     ___FILE_ONLY___ ═
2025-07-09 21:16:38,058 INFO     ___FILE_ONLY___ ═
2025-07-09 21:16:38,071 INFO     ___FILE_ONLY___ ═
2025-07-09 21:16:38,085 INFO     ___FILE_ONLY___ ═
2025-07-09 21:16:38,098 INFO     ___FILE_ONLY___ ═
2025-07-09 21:16:38,112 INFO     ___FILE_ONLY___ ═
2025-07-09 21:16:38,125 INFO     ___FILE_ONLY___ ═
2025-07-09 21:16:38,138 INFO     ___FILE_ONLY___ ═
2025-07-09 21:16:38,152 INFO     ___FILE_ONLY___ ═
2025-07-09 21:16:38,166 INFO     ___FILE_ONLY___ ═
2025-07-09 21:16:38,179 INFO     ___FILE_ONLY___ ═
2025-07-09 21:16:38,194 INFO     ___FILE_ONLY___ ═
2025-07-09 21:16:38,207 INFO     ___FILE_ONLY___ ═
2025-07-09 21:16:38,220 INFO     ___FILE_ONLY___ ═
2025-07-09 21:16:38,235 INFO     ___FILE_ONLY___ ═
2025-07-09 21:16:38,248 INFO     ___FILE_ONLY___ ═
2025-07-09 21:16:38,262 INFO     ___FILE_ONLY___ ═
2025-07-09 21:16:38,276 INFO     ___FILE_ONLY___ ═
2025-07-09 21:16:38,289 INFO     ___FILE_ONLY___ ═
2025-07-09 21:16:38,303 INFO     ___FILE_ONLY___ ═
2025-07-09 21:16:38,316 INFO     ___FILE_ONLY___ ═
2025-07-09 21:16:38,329 INFO     ___FILE_ONLY___ ═
2025-07-09 21:16:38,342 INFO     ___FILE_ONLY___ ═
2025-07-09 21:16:38,357 INFO     ___FILE_ONLY___ ═
2025-07-09 21:16:38,374 INFO     ___FILE_ONLY___ ═
2025-07-09 21:16:38,390 INFO     ___FILE_ONLY___ ═
2025-07-09 21:16:39,283 INFO     ___FILE_ONLY___ ═
2025-07-09 21:16:39,308 INFO     ___FILE_ONLY___ ═
2025-07-09 21:16:39,822 INFO     ___FILE_ONLY___ ═
2025-07-09 21:16:39,841 INFO     ___FILE_ONLY___ ═
2025-07-09 21:16:39,864 INFO     ___FILE_ONLY___ ═
2025-07-09 21:16:39,890 INFO     ___FILE_ONLY___ ═
2025-07-09 21:16:39,910 INFO     ___FILE_ONLY___ ═
2025-07-09 21:16:39,939 INFO     ___FILE_ONLY___ ═
2025-07-09 21:16:39,960 INFO     ___FILE_ONLY___ ═
2025-07-09 21:16:39,980 INFO     ___FILE_ONLY___ ═
2025-07-09 21:16:39,998 INFO     ___FILE_ONLY___ ═
2025-07-09 21:16:40,016 INFO     ___FILE_ONLY___ ═
2025-07-09 21:16:40,108 INFO     ___FILE_ONLY___ ═
2025-07-09 21:16:40,127 INFO     ___FILE_ONLY___ ═
2025-07-09 21:16:40,270 INFO     ___FILE_ONLY___ ═
2025-07-09 21:16:40,287 INFO     ___FILE_ONLY___ ═
2025-07-09 21:16:40,306 INFO     ___FILE_ONLY___ ═
2025-07-09 21:16:40,324 INFO     ___FILE_ONLY___ ═
2025-07-09 21:16:40,341 INFO     ___FILE_ONLY___ ═
2025-07-09 21:16:40,360 INFO     ___FILE_ONLY___ ═
2025-07-09 21:16:40,378 INFO     ___FILE_ONLY___ ═
2025-07-09 21:16:40,396 INFO     ___FILE_ONLY___ ═
2025-07-09 21:16:40,425 INFO     ___FILE_ONLY___ ═
2025-07-09 21:16:40,942 INFO     ___FILE_ONLY___ ═
2025-07-09 21:16:40,942 INFO     ___FILE_ONLY___ ╝

2025-07-09 21:16:41,000 INFO     ___FILE_ONLY___ ╔════════════════════════════════════════════════════════════╗

2025-07-09 21:16:41,001 INFO     ___FILE_ONLY___ ╠═ Installing: Cloud Storage Command Line Tool              ═╣

2025-07-09 21:16:41,001 INFO     ___FILE_ONLY___ ╚
2025-07-09 21:16:41,582 INFO     ___FILE_ONLY___ ═
2025-07-09 21:16:41,596 INFO     ___FILE_ONLY___ ═
2025-07-09 21:16:41,608 INFO     ___FILE_ONLY___ ═
2025-07-09 21:16:41,619 INFO     ___FILE_ONLY___ ═
2025-07-09 21:16:41,629 INFO     ___FILE_ONLY___ ═
2025-07-09 21:16:41,667 INFO     ___FILE_ONLY___ ═
2025-07-09 21:16:41,681 INFO     ___FILE_ONLY___ ═
2025-07-09 21:16:41,698 INFO     ___FILE_ONLY___ ═
2025-07-09 21:16:41,714 INFO     ___FILE_ONLY___ ═
2025-07-09 21:16:41,730 INFO     ___FILE_ONLY___ ═
2025-07-09 21:16:41,748 INFO     ___FILE_ONLY___ ═
2025-07-09 21:16:41,760 INFO     ___FILE_ONLY___ ═
2025-07-09 21:16:41,773 INFO     ___FILE_ONLY___ ═
2025-07-09 21:16:41,786 INFO     ___FILE_ONLY___ ═
2025-07-09 21:16:41,797 INFO     ___FILE_ONLY___ ═
2025-07-09 21:16:41,815 INFO     ___FILE_ONLY___ ═
2025-07-09 21:16:41,829 INFO     ___FILE_ONLY___ ═
2025-07-09 21:16:41,839 INFO     ___FILE_ONLY___ ═
2025-07-09 21:16:41,852 INFO     ___FILE_ONLY___ ═
2025-07-09 21:16:41,864 INFO     ___FILE_ONLY___ ═
2025-07-09 21:16:41,874 INFO     ___FILE_ONLY___ ═
2025-07-09 21:16:41,888 INFO     ___FILE_ONLY___ ═
2025-07-09 21:16:41,899 INFO     ___FILE_ONLY___ ═
2025-07-09 21:16:41,911 INFO     ___FILE_ONLY___ ═
2025-07-09 21:16:41,923 INFO     ___FILE_ONLY___ ═
2025-07-09 21:16:41,935 INFO     ___FILE_ONLY___ ═
2025-07-09 21:16:41,946 INFO     ___FILE_ONLY___ ═
2025-07-09 21:16:41,961 INFO     ___FILE_ONLY___ ═
2025-07-09 21:16:41,978 INFO     ___FILE_ONLY___ ═
2025-07-09 21:16:41,991 INFO     ___FILE_ONLY___ ═
2025-07-09 21:16:42,005 INFO     ___FILE_ONLY___ ═
2025-07-09 21:16:42,027 INFO     ___FILE_ONLY___ ═
2025-07-09 21:16:42,043 INFO     ___FILE_ONLY___ ═
2025-07-09 21:16:42,063 INFO     ___FILE_ONLY___ ═
2025-07-09 21:16:42,078 INFO     ___FILE_ONLY___ ═
2025-07-09 21:16:42,096 INFO     ___FILE_ONLY___ ═
2025-07-09 21:16:42,106 INFO     ___FILE_ONLY___ ═
2025-07-09 21:16:42,118 INFO     ___FILE_ONLY___ ═
2025-07-09 21:16:42,155 INFO     ___FILE_ONLY___ ═
2025-07-09 21:16:42,170 INFO     ___FILE_ONLY___ ═
2025-07-09 21:16:42,182 INFO     ___FILE_ONLY___ ═
2025-07-09 21:16:42,193 INFO     ___FILE_ONLY___ ═
2025-07-09 21:16:42,204 INFO     ___FILE_ONLY___ ═
2025-07-09 21:16:42,216 INFO     ___FILE_ONLY___ ═
2025-07-09 21:16:42,227 INFO     ___FILE_ONLY___ ═
2025-07-09 21:16:42,238 INFO     ___FILE_ONLY___ ═
2025-07-09 21:16:42,249 INFO     ___FILE_ONLY___ ═
2025-07-09 21:16:42,259 INFO     ___FILE_ONLY___ ═
2025-07-09 21:16:42,270 INFO     ___FILE_ONLY___ ═
2025-07-09 21:16:42,283 INFO     ___FILE_ONLY___ ═
2025-07-09 21:16:42,299 INFO     ___FILE_ONLY___ ═
2025-07-09 21:16:42,314 INFO     ___FILE_ONLY___ ═
2025-07-09 21:16:42,329 INFO     ___FILE_ONLY___ ═
2025-07-09 21:16:42,345 INFO     ___FILE_ONLY___ ═
2025-07-09 21:16:42,359 INFO     ___FILE_ONLY___ ═
2025-07-09 21:16:42,380 INFO     ___FILE_ONLY___ ═
2025-07-09 21:16:42,398 INFO     ___FILE_ONLY___ ═
2025-07-09 21:16:42,421 INFO     ___FILE_ONLY___ ═
2025-07-09 21:16:42,439 INFO     ___FILE_ONLY___ ═
2025-07-09 21:16:42,458 INFO     ___FILE_ONLY___ ═
2025-07-09 21:16:42,458 INFO     ___FILE_ONLY___ ╝

2025-07-09 21:16:42,491 INFO     ___FILE_ONLY___ ╔════════════════════════════════════════════════════════════╗

2025-07-09 21:16:42,491 INFO     ___FILE_ONLY___ ╠═ Installing: Cloud Storage Command Line Tool (Platform... ═╣

2025-07-09 21:16:42,491 INFO     ___FILE_ONLY___ ╚
2025-07-09 21:16:42,492 INFO     ___FILE_ONLY___ ════════════════════════════════════════════════════════════
2025-07-09 21:16:42,492 INFO     ___FILE_ONLY___ ╝

2025-07-09 21:16:42,497 INFO     ___FILE_ONLY___ ╔════════════════════════════════════════════════════════════╗

2025-07-09 21:16:42,497 INFO     ___FILE_ONLY___ ╠═ Installing: Default set of gcloud commands               ═╣

2025-07-09 21:16:42,497 INFO     ___FILE_ONLY___ ╚
2025-07-09 21:16:42,500 INFO     ___FILE_ONLY___ ════════════════════════════════════════════════════════════
2025-07-09 21:16:42,500 INFO     ___FILE_ONLY___ ╝

2025-07-09 21:16:42,502 INFO     ___FILE_ONLY___ ╔════════════════════════════════════════════════════════════╗

2025-07-09 21:16:42,502 INFO     ___FILE_ONLY___ ╠═ Installing: Google Cloud CLI Core Libraries (Platform... ═╣

2025-07-09 21:16:42,502 INFO     ___FILE_ONLY___ ╚
2025-07-09 21:16:42,503 INFO     ___FILE_ONLY___ ══════════════════════════════
2025-07-09 21:16:42,503 INFO     ___FILE_ONLY___ ══════════════════════════════
2025-07-09 21:16:42,504 INFO     ___FILE_ONLY___ ╝

2025-07-09 21:16:42,508 INFO     ___FILE_ONLY___ ╔════════════════════════════════════════════════════════════╗

2025-07-09 21:16:42,508 INFO     ___FILE_ONLY___ ╠═ Installing: Google Cloud CRC32C Hash Tool                ═╣

2025-07-09 21:16:42,508 INFO     ___FILE_ONLY___ ╚
2025-07-09 21:16:42,511 INFO     ___FILE_ONLY___ ════════════════════════════════════════════════════════════
2025-07-09 21:16:42,511 INFO     ___FILE_ONLY___ ╝

2025-07-09 21:16:42,513 INFO     ___FILE_ONLY___ ╔════════════════════════════════════════════════════════════╗

2025-07-09 21:16:42,513 INFO     ___FILE_ONLY___ ╠═ Installing: Google Cloud CRC32C Hash Tool (Platform S... ═╣

2025-07-09 21:16:42,513 INFO     ___FILE_ONLY___ ╚
2025-07-09 21:16:42,553 INFO     ___FILE_ONLY___ ══════════════════════════════
2025-07-09 21:16:42,553 INFO     ___FILE_ONLY___ ══════════════════════════════
2025-07-09 21:16:42,554 INFO     ___FILE_ONLY___ ╝

2025-07-09 21:16:42,559 INFO     ___FILE_ONLY___ ╔════════════════════════════════════════════════════════════╗

2025-07-09 21:16:42,559 INFO     ___FILE_ONLY___ ╠═ Installing: gcloud cli dependencies (Platform Specific)  ═╣

2025-07-09 21:16:42,559 INFO     ___FILE_ONLY___ ╚
2025-07-09 21:16:42,559 INFO     ___FILE_ONLY___ ════════════════════════════════════════════════════════════
2025-07-09 21:16:42,560 INFO     ___FILE_ONLY___ ╝

2025-07-09 21:16:42,565 DEBUG    root            Updating notification cache...
2025-07-09 21:16:42,566 INFO     ___FILE_ONLY___ 

2025-07-09 21:16:42,568 INFO     ___FILE_ONLY___ Performing post processing steps...
2025-07-09 21:16:42,569 DEBUG    root            Executing command: ['/tools/google-cloud-sdk/bin/gcloud', 'components', 'post-process']
2025-07-09 21:16:52,233 DEBUG    ___FILE_ONLY___ 
2025-07-09 21:16:52,233 DEBUG    ___FILE_ONLY___ 
2025-07-09 21:16:52,366 INFO     root            descriptor_list: [{'universeDomain': 'googleapis.com', 'universeShortName': '', 'authenticationDomain': 'auth.cloud.google.com', 'projectPrefix': '', 'cloudWebDomain': 'cloud.google.com', 'documentationDomain': 'cloud.google.com', 'version': '1.0.0', 'state': 'primary', 'artifactRegistryDomain': 'pkg.dev'}]
2025-07-09 21:16:52,367 INFO     ___FILE_ONLY___ 
Update done!


2025-07-09 21:16:52,370 DEBUG    root            Chosen display Format:none
2025-07-09 21:16:52,370 INFO     root            Display format: "none"
